<?xml version="1.0" encoding="UTF-8"?>
<testng-results ignored="0" total="1" passed="1" failed="0" skipped="0">
  <reporter-output>
  </reporter-output>
  <suite started-at="2026-03-13T15:31:49 IST" name="Default suite" finished-at="2026-03-13T15:32:04 IST" duration-ms="15803">
    <groups>
      <group name="Master">
        <method signature="TC006_EndToEndTest.verify_EndToEndFlow()[pri:0, instance:testCases.TC006_EndToEndTest@1b84f475]" name="verify_EndToEndFlow" class="testCases.TC006_EndToEndTest"/>
      </group> <!-- Master -->
      <group name="sanity">
        <method signature="TC006_EndToEndTest.verify_EndToEndFlow()[pri:0, instance:testCases.TC006_EndToEndTest@1b84f475]" name="verify_EndToEndFlow" class="testCases.TC006_EndToEndTest"/>
      </group> <!-- sanity -->
    </groups>
    <test started-at="2026-03-13T15:31:49 IST" name="Default test" finished-at="2026-03-13T15:32:04 IST" duration-ms="15803">
      <class name="testCases.TC006_EndToEndTest">
        <test-method is-config="true" signature="setup(java.lang.String,java.lang.String)[pri:0, instance:testCases.TC006_EndToEndTest@1b84f475]" started-at="2026-03-13T15:31:49 IST" name="setup" finished-at="2026-03-13T15:31:51 IST" duration-ms="2673" status="PASS">
          <params>
            <param index="0">
              <value>
                <![CDATA[windows]]>
              </value>
            </param>
            <param index="1">
              <value>
                <![CDATA[chrome]]>
              </value>
            </param>
          </params>
          <reporter-output>
          </reporter-output>
        </test-method> <!-- setup -->
        <test-method signature="verify_EndToEndFlow()[pri:0, instance:testCases.TC006_EndToEndTest@1b84f475]" started-at="2026-03-13T15:31:51 IST" name="verify_EndToEndFlow" finished-at="2026-03-13T15:32:04 IST" duration-ms="12614" status="PASS">
          <reporter-output>
          </reporter-output>
        </test-method> <!-- verify_EndToEndFlow -->
        <test-method is-config="true" signature="tearDown()[pri:0, instance:testCases.TC006_EndToEndTest@1b84f475]" started-at="2026-03-13T15:32:04 IST" name="tearDown" finished-at="2026-03-13T15:32:04 IST" duration-ms="449" status="PASS">
          <reporter-output>
          </reporter-output>
        </test-method> <!-- tearDown -->
      </class> <!-- testCases.TC006_EndToEndTest -->
    </test> <!-- Default test -->
  </suite> <!-- Default suite -->
</testng-results>
