<?xml version="1.0" encoding="UTF-8"?>
<!-- Generated by org.testng.reporters.JUnitReportReporter -->
<testsuite hostname="JungSeoyoon" failures="0" tests="4" name="testCases.TC003_LoginDDT" time="23.736" errors="0" timestamp="2026-03-09T16:06:57 IST" skipped="0">
  <testcase classname="testCases.TC003_LoginDDT" name="verify_login" time="1.486"/>
  <testcase classname="testCases.TC003_LoginDDT" name="verify_login" time="10.384"/>
  <testcase classname="testCases.TC003_LoginDDT" name="verify_login" time="10.503"/>
  <testcase classname="testCases.TC003_LoginDDT" name="verify_login" time="1.363"/>
</testsuite> <!-- testCases.TC003_LoginDDT -->
